# JRE version: Java(TM) SE Runtime Environment (8.0_74-b02) (build 1.8.0_74-b02)
# Java VM: Java HotSpot(TM) 64-Bit Server VM (25.74-b02 mixed mode windows-amd64 compressed oops)
Heap:
 PSYoungGen      total 292864K, used 96323K [0x000000076c300000, 0x0000000781180000, 0x00000007c0000000)
  eden space 274944K, 30% used [0x000000076c300000,0x000000077162d420,0x000000077cf80000)
  from space 17920K, 62% used [0x000000077e080000,0x000000077eb63a88,0x000000077f200000)
  to   space 17408K, 0% used [0x000000077cf80000,0x000000077cf80000,0x000000077e080000)
 ParOldGen       total 243712K, used 26206K [0x00000006c4800000, 0x00000006d3600000, 0x000000076c300000)
  object space 243712K, 10% used [0x00000006c4800000,0x00000006c61979e0,0x00000006d3600000)
 Metaspace       used 60819K, capacity 63700K, committed 63744K, reserved 1105920K
  class space    used 7384K, capacity 7919K, committed 7936K, reserved 1048576K
GC Heap History (10 events):
Event: 153.048 GC heap before
{Heap before GC invocations=18 (full 5):
 PSYoungGen      total 259072K, used 241152K [0x000000076c300000, 0x000000077d380000, 0x00000007c0000000)
  eden space 241152K, 100% used [0x000000076c300000,0x000000077ae80000,0x000000077ae80000)
  from space 17920K, 0% used [0x000000077c200000,0x000000077c200000,0x000000077d380000)
  to   space 18944K, 0% used [0x000000077ae80000,0x000000077ae80000,0x000000077c100000)
 ParOldGen       total 243712K, used 26033K [0x00000006c4800000, 0x00000006d3600000, 0x000000076c300000)
  object space 243712K, 10% used [0x00000006c4800000,0x00000006c616c758,0x00000006d3600000)
 Metaspace       used 59310K, capacity 61954K, committed 62080K, reserved 1103872K
  class space    used 7229K, capacity 7720K, committed 7808K, reserved 1048576K
Event: 153.059 GC heap after
Heap after GC invocations=18 (full 5):
 PSYoungGen      total 260096K, used 10110K [0x000000076c300000, 0x000000077fb00000, 0x00000007c0000000)
  eden space 241152K, 0% used [0x000000076c300000,0x000000076c300000,0x000000077ae80000)
  from space 18944K, 53% used [0x000000077ae80000,0x000000077b85f838,0x000000077c100000)
  to   space 18432K, 0% used [0x000000077e900000,0x000000077e900000,0x000000077fb00000)
 ParOldGen       total 243712K, used 26041K [0x00000006c4800000, 0x00000006d3600000, 0x000000076c300000)
  object space 243712K, 10% used [0x00000006c4800000,0x00000006c616e758,0x00000006d3600000)
 Metaspace       used 59310K, capacity 61954K, committed 62080K, reserved 1103872K
  class space    used 7229K, capacity 7720K, committed 7808K, reserved 1048576K
}
Event: 307.924 GC heap before
{Heap before GC invocations=19 (full 5):
 PSYoungGen      total 260096K, used 251262K [0x000000076c300000, 0x000000077fb00000, 0x00000007c0000000)
  eden space 241152K, 100% used [0x000000076c300000,0x000000077ae80000,0x000000077ae80000)
  from space 18944K, 53% used [0x000000077ae80000,0x000000077b85f838,0x000000077c100000)
  to   space 18432K, 0% used [0x000000077e900000,0x000000077e900000,0x000000077fb00000)
 ParOldGen       total 243712K, used 26041K [0x00000006c4800000, 0x00000006d3600000, 0x000000076c300000)
  object space 243712K, 10% used [0x00000006c4800000,0x00000006c616e758,0x00000006d3600000)
 Metaspace       used 59777K, capacity 62674K, committed 62848K, reserved 1103872K
  class space    used 7276K, capacity 7795K, committed 7808K, reserved 1048576K
Event: 307.931 GC heap after
Heap after GC invocations=19 (full 5):
 PSYoungGen      total 286720K, used 12146K [0x000000076c300000, 0x000000077f500000, 0x00000007c0000000)
  eden space 274432K, 0% used [0x000000076c300000,0x000000076c300000,0x000000077cf00000)
  from space 12288K, 98% used [0x000000077e900000,0x000000077f4dc970,0x000000077f500000)
  to   space 18432K, 0% used [0x000000077d100000,0x000000077d100000,0x000000077e300000)
 ParOldGen       total 243712K, used 26049K [0x00000006c4800000, 0x00000006d3600000, 0x000000076c300000)
  object space 243712K, 10% used [0x00000006c4800000,0x00000006c6170758,0x00000006d3600000)
 Metaspace       used 59777K, capacity 62674K, committed 62848K, reserved 1103872K
  class space    used 7276K, capacity 7795K, committed 7808K, reserved 1048576K
}
Event: 335.144 GC heap before
{Heap before GC invocations=20 (full 5):
 PSYoungGen      total 286720K, used 33717K [0x000000076c300000, 0x000000077f500000, 0x00000007c0000000)
  eden space 274432K, 7% used [0x000000076c300000,0x000000076d810d18,0x000000077cf00000)
  from space 12288K, 98% used [0x000000077e900000,0x000000077f4dc970,0x000000077f500000)
  to   space 18432K, 0% used [0x000000077d100000,0x000000077d100000,0x000000077e300000)
 ParOldGen       total 243712K, used 26049K [0x00000006c4800000, 0x00000006d3600000, 0x000000076c300000)
  object space 243712K, 10% used [0x00000006c4800000,0x00000006c6170758,0x00000006d3600000)
 Metaspace       used 59840K, capacity 62744K, committed 62848K, reserved 1103872K
  class space    used 7280K, capacity 7797K, committed 7808K, reserved 1048576K
Event: 335.150 GC heap after
Heap after GC invocations=20 (full 5):
 PSYoungGen      total 283648K, used 8892K [0x000000076c300000, 0x000000077f200000, 0x00000007c0000000)
  eden space 274432K, 0% used [0x000000076c300000,0x000000076c300000,0x000000077cf00000)
  from space 9216K, 96% used [0x000000077d100000,0x000000077d9af138,0x000000077da00000)
  to   space 17920K, 0% used [0x000000077e080000,0x000000077e080000,0x000000077f200000)
 ParOldGen       total 243712K, used 26057K [0x00000006c4800000, 0x00000006d3600000, 0x000000076c300000)
  object space 243712K, 10% used [0x00000006c4800000,0x00000006c6172758,0x00000006d3600000)
 Metaspace       used 59840K, capacity 62744K, committed 62848K, reserved 1103872K
  class space    used 7280K, capacity 7797K, committed 7808K, reserved 1048576K
}
Event: 335.150 GC heap before
{Heap before GC invocations=21 (full 6):
 PSYoungGen      total 283648K, used 8892K [0x000000076c300000, 0x000000077f200000, 0x00000007c0000000)
  eden space 274432K, 0% used [0x000000076c300000,0x000000076c300000,0x000000077cf00000)
  from space 9216K, 96% used [0x000000077d100000,0x000000077d9af138,0x000000077da00000)
  to   space 17920K, 0% used [0x000000077e080000,0x000000077e080000,0x000000077f200000)
 ParOldGen       total 243712K, used 26057K [0x00000006c4800000, 0x00000006d3600000, 0x000000076c300000)
  object space 243712K, 10% used [0x00000006c4800000,0x00000006c6172758,0x00000006d3600000)
 Metaspace       used 59840K, capacity 62744K, committed 62848K, reserved 1103872K
  class space    used 7280K, capacity 7797K, committed 7808K, reserved 1048576K
Event: 335.356 GC heap after
Heap after GC invocations=21 (full 6):
 PSYoungGen      total 283648K, used 0K [0x000000076c300000, 0x000000077f200000, 0x00000007c0000000)
  eden space 274432K, 0% used [0x000000076c300000,0x000000076c300000,0x000000077cf00000)
  from space 9216K, 0% used [0x000000077d100000,0x000000077d100000,0x000000077da00000)
  to   space 17920K, 0% used [0x000000077e080000,0x000000077e080000,0x000000077f200000)
 ParOldGen       total 243712K, used 26198K [0x00000006c4800000, 0x00000006d3600000, 0x000000076c300000)
  object space 243712K, 10% used [0x00000006c4800000,0x00000006c61959e0,0x00000006d3600000)
 Metaspace       used 59739K, capacity 62462K, committed 62848K, reserved 1103872K
  class space    used 7271K, capacity 7778K, committed 7808K, reserved 1048576K
}
Event: 341.187 GC heap before
{Heap before GC invocations=22 (full 6):
 PSYoungGen      total 283648K, used 274432K [0x000000076c300000, 0x000000077f200000, 0x00000007c0000000)
  eden space 274432K, 100% used [0x000000076c300000,0x000000077cf00000,0x000000077cf00000)
  from space 9216K, 0% used [0x000000077d100000,0x000000077d100000,0x000000077da00000)
  to   space 17920K, 0% used [0x000000077e080000,0x000000077e080000,0x000000077f200000)
 ParOldGen       total 243712K, used 26198K [0x00000006c4800000, 0x00000006d3600000, 0x000000076c300000)
  object space 243712K, 10% used [0x00000006c4800000,0x00000006c61959e0,0x00000006d3600000)
 Metaspace       used 60542K, capacity 63402K, committed 63488K, reserved 1105920K
  class space    used 7362K, capacity 7912K, committed 7936K, reserved 1048576K
Event: 341.196 GC heap after
Heap after GC invocations=22 (full 6):
 PSYoungGen      total 292864K, used 11150K [0x000000076c300000, 0x0000000781180000, 0x00000007c0000000)
  eden space 274944K, 0% used [0x000000076c300000,0x000000076c300000,0x000000077cf80000)
  from space 17920K, 62% used [0x000000077e080000,0x000000077eb63a88,0x000000077f200000)
  to   space 17408K, 0% used [0x000000077cf80000,0x000000077cf80000,0x000000077e080000)
 ParOldGen       total 243712K, used 26206K [0x00000006c4800000, 0x00000006d3600000, 0x000000076c300000)
  object space 243712K, 10% used [0x00000006c4800000,0x00000006c61979e0,0x00000006d3600000)
 Metaspace       used 60542K, capacity 63402K, committed 63488K, reserved 1105920K
  class space    used 7362K, capacity 7912K, committed 7936K, reserved 1048576K
}

